INFO: tickerPlant ## 2018.06.07D04:54:57.876718000 ## Connection closed: `dateTime`user`host`ipAddress`connection`handle`duration!(0Nz;`;`;();`;0Ni;0Nv) 
INFO: tickerPlant ## 2018.06.07D04:55:57.877570000 ## Messages processed: 0 
INFO: tickerPlant ## 2018.06.07D04:55:57.877668000 ## Subscriber details: `aggreg`quote`trade!(();();()) 
INFO: tickerPlant ## 2018.06.07D04:56:57.878255000 ## Messages processed: 0 
INFO: tickerPlant ## 2018.06.07D04:56:57.878650000 ## Subscriber details: `aggreg`quote`trade!(();();()) 
INFO: tickerPlant ## 2018.06.07D04:57:58.878210000 ## Messages processed: 0 
INFO: tickerPlant ## 2018.06.07D04:57:58.878572000 ## Subscriber details: `aggreg`quote`trade!(();();()) 
INFO: tickerPlant ## 2018.06.07D04:58:59.879345000 ## Messages processed: 0 
INFO: tickerPlant ## 2018.06.07D04:58:59.879445000 ## Subscriber details: `aggreg`quote`trade!(();();()) 
INFO: tickerPlant ## 2018.06.07D05:00:00.877794000 ## Messages processed: 0 
INFO: tickerPlant ## 2018.06.07D05:00:00.877895000 ## Subscriber details: `aggreg`quote`trade!(();();()) 
INFO: tickerPlant ## 2018.06.07D05:01:00.878534000 ## Messages processed: 0 
INFO: tickerPlant ## 2018.06.07D05:01:00.878900000 ## Subscriber details: `aggreg`quote`trade!(();();()) 
INFO: tickerPlant ## 2018.06.07D05:01:15.998932000 ## Connection opened: `dateTime`user`host`ipAddress`connection`handle`duration!(2018.06.07T05:01:15.998;`glim;`localhost;"127.0.0.1";`opened;7i;0Nv) 
INFO: tickerPlant ## 2018.06.07D05:01:15.999066000 ## User: glim ## Memory Usage: `used`heap`peak`wmax`mmap`mphy`syms`symw!329280 67108864 67108864 0 0 1047904256 743 28256 
INFO: tickerPlant ## 2018.06.07D05:01:18.022181000 ## Connection opened: `dateTime`user`host`ipAddress`connection`handle`duration!(2018.06.07T05:01:18.022;`glim;`localhost;"127.0.0.1";`opened;8i;0Nv) 
INFO: tickerPlant ## 2018.06.07D05:01:18.022297000 ## User: glim ## Memory Usage: `used`heap`peak`wmax`mmap`mphy`syms`symw!329520 67108864 67108864 0 0 1047904256 745 28306 
INFO: tickerPlant ## 2018.06.07D05:02:01.878508000 ## Messages processed: 0 
INFO: tickerPlant ## 2018.06.07D05:02:01.879368000 ## Subscriber details: `aggreg`quote`trade!(,(8i;`);,(7i;`);,(7i;`)) 
INFO: tickerPlant ## 2018.06.07D05:02:26.731875000 ## Connection opened: `dateTime`user`host`ipAddress`connection`handle`duration!(2018.06.07T05:02:26.731;`glim;`localhost;"127.0.0.1";`opened;9i;0Nv) 
INFO: tickerPlant ## 2018.06.07D05:02:32.360641000 ## User: glim ## Memory Usage: `used`heap`peak`wmax`mmap`mphy`syms`symw!329616 67108864 67108864 0 0 1047904256 745 28306 
INFO: tickerPlant ## 2018.06.07D05:02:34.235553000 ## User: glim ## Memory Usage: `used`heap`peak`wmax`mmap`mphy`syms`symw!329616 67108864 67108864 0 0 1047904256 746 28331 
INFO: tickerPlant ## 2018.06.07D05:02:55.301377000 ## Connection closed: `dateTime`user`host`ipAddress`connection`handle`duration!(2018.06.07T05:02:26.731;`glim;`localhost;"127.0.0.1";`closed;9i;00:00:26) 
INFO: tickerPlant ## 2018.06.07D05:03:02.878205000 ## Messages processed: 0 
INFO: tickerPlant ## 2018.06.07D05:03:02.878444000 ## Subscriber details: `aggreg`quote`trade!(,(8i;`);,(7i;`);,(7i;`)) 
INFO: tickerPlant ## 2018.06.07D05:04:03.878414000 ## Messages processed: 0 
INFO: tickerPlant ## 2018.06.07D05:04:03.879192000 ## Subscriber details: `aggreg`quote`trade!(,(8i;`);,(7i;`);,(7i;`)) 
INFO: tickerPlant ## 2018.06.07D05:05:04.877870000 ## Messages processed: 0 
INFO: tickerPlant ## 2018.06.07D05:05:04.878059000 ## Subscriber details: `aggreg`quote`trade!(,(8i;`);,(7i;`);,(7i;`)) 
INFO: tickerPlant ## 2018.06.07D05:06:05.878003000 ## Messages processed: 0 
INFO: tickerPlant ## 2018.06.07D05:06:05.878178000 ## Subscriber details: `aggreg`quote`trade!(,(8i;`);,(7i;`);,(7i;`)) 
INFO: tickerPlant ## 2018.06.07D05:07:06.876932000 ## Messages processed: 0 
INFO: tickerPlant ## 2018.06.07D05:07:06.877090000 ## Subscriber details: `aggreg`quote`trade!(,(8i;`);,(7i;`);,(7i;`)) 
INFO: tickerPlant ## 2018.06.07D05:08:06.878067000 ## Messages processed: 0 
INFO: tickerPlant ## 2018.06.07D05:08:06.878754000 ## Subscriber details: `aggreg`quote`trade!(,(8i;`);,(7i;`);,(7i;`)) 
INFO: tickerPlant ## 2018.06.07D05:09:07.878544000 ## Messages processed: 0 
INFO: tickerPlant ## 2018.06.07D05:09:07.879325000 ## Subscriber details: `aggreg`quote`trade!(,(8i;`);,(7i;`);,(7i;`)) 
INFO: tickerPlant ## 2018.06.07D05:10:08.879159000 ## Messages processed: 0 
INFO: tickerPlant ## 2018.06.07D05:10:08.879788000 ## Subscriber details: `aggreg`quote`trade!(,(8i;`);,(7i;`);,(7i;`)) 
INFO: tickerPlant ## 2018.06.07D05:11:09.878331000 ## Messages processed: 0 
INFO: tickerPlant ## 2018.06.07D05:11:09.879063000 ## Subscriber details: `aggreg`quote`trade!(,(8i;`);,(7i;`);,(7i;`)) 
INFO: tickerPlant ## 2018.06.07D05:12:10.878295000 ## Messages processed: 0 
INFO: tickerPlant ## 2018.06.07D05:12:10.879046000 ## Subscriber details: `aggreg`quote`trade!(,(8i;`);,(7i;`);,(7i;`)) 
INFO: tickerPlant ## 2018.06.07D05:13:11.877982000 ## Messages processed: 0 
INFO: tickerPlant ## 2018.06.07D05:13:11.878155000 ## Subscriber details: `aggreg`quote`trade!(,(8i;`);,(7i;`);,(7i;`)) 
INFO: tickerPlant ## 2018.06.07D05:14:12.878006000 ## Messages processed: 0 
INFO: tickerPlant ## 2018.06.07D05:14:12.878180000 ## Subscriber details: `aggreg`quote`trade!(,(8i;`);,(7i;`);,(7i;`)) 
INFO: tickerPlant ## 2018.06.07D05:15:13.881091000 ## Messages processed: 0 
INFO: tickerPlant ## 2018.06.07D05:15:13.881776000 ## Subscriber details: `aggreg`quote`trade!(,(8i;`);,(7i;`);,(7i;`)) 
INFO: tickerPlant ## 2018.06.07D05:16:14.878504000 ## Messages processed: 0 
INFO: tickerPlant ## 2018.06.07D05:16:14.879292000 ## Subscriber details: `aggreg`quote`trade!(,(8i;`);,(7i;`);,(7i;`)) 
INFO: tickerPlant ## 2018.06.07D05:17:14.881164000 ## Messages processed: 0 
INFO: tickerPlant ## 2018.06.07D05:17:14.881480000 ## Subscriber details: `aggreg`quote`trade!(,(8i;`);,(7i;`);,(7i;`)) 
INFO: tickerPlant ## 2018.06.07D05:18:15.878761000 ## Messages processed: 0 
INFO: tickerPlant ## 2018.06.07D05:18:15.878939000 ## Subscriber details: `aggreg`quote`trade!(,(8i;`);,(7i;`);,(7i;`)) 
INFO: tickerPlant ## 2018.06.07D05:19:16.877575000 ## Messages processed: 0 
INFO: tickerPlant ## 2018.06.07D05:19:16.877744000 ## Subscriber details: `aggreg`quote`trade!(,(8i;`);,(7i;`);,(7i;`)) 
INFO: tickerPlant ## 2018.06.07D05:20:16.878452000 ## Messages processed: 0 
INFO: tickerPlant ## 2018.06.07D05:20:16.879264000 ## Subscriber details: `aggreg`quote`trade!(,(8i;`);,(7i;`);,(7i;`)) 
INFO: tickerPlant ## 2018.06.07D05:21:17.879505000 ## Messages processed: 0 
INFO: tickerPlant ## 2018.06.07D05:21:17.880133000 ## Subscriber details: `aggreg`quote`trade!(,(8i;`);,(7i;`);,(7i;`)) 
INFO: tickerPlant ## 2018.06.07D05:22:18.877889000 ## Messages processed: 0 
INFO: tickerPlant ## 2018.06.07D05:22:18.878061000 ## Subscriber details: `aggreg`quote`trade!(,(8i;`);,(7i;`);,(7i;`)) 
INFO: tickerPlant ## 2018.06.07D05:23:18.882372000 ## Messages processed: 0 
INFO: tickerPlant ## 2018.06.07D05:23:18.882565000 ## Subscriber details: `aggreg`quote`trade!(,(8i;`);,(7i;`);,(7i;`)) 
INFO: tickerPlant ## 2018.06.07D05:24:19.880295000 ## Messages processed: 0 
INFO: tickerPlant ## 2018.06.07D05:24:19.880563000 ## Subscriber details: `aggreg`quote`trade!(,(8i;`);,(7i;`);,(7i;`)) 
INFO: tickerPlant ## 2018.06.07D05:25:19.892930000 ## Messages processed: 0 
INFO: tickerPlant ## 2018.06.07D05:25:19.893195000 ## Subscriber details: `aggreg`quote`trade!(,(8i;`);,(7i;`);,(7i;`)) 
INFO: tickerPlant ## 2018.06.07D05:26:20.877988000 ## Messages processed: 0 
INFO: tickerPlant ## 2018.06.07D05:26:20.878632000 ## Subscriber details: `aggreg`quote`trade!(,(8i;`);,(7i;`);,(7i;`)) 
INFO: tickerPlant ## 2018.06.07D05:27:21.878157000 ## Messages processed: 0 
INFO: tickerPlant ## 2018.06.07D05:27:21.879092000 ## Subscriber details: `aggreg`quote`trade!(,(8i;`);,(7i;`);,(7i;`)) 
INFO: tickerPlant ## 2018.06.07D05:28:22.878447000 ## Messages processed: 0 
INFO: tickerPlant ## 2018.06.07D05:28:22.878625000 ## Subscriber details: `aggreg`quote`trade!(,(8i;`);,(7i;`);,(7i;`)) 
INFO: tickerPlant ## 2018.06.07D05:29:23.878523000 ## Messages processed: 0 
INFO: tickerPlant ## 2018.06.07D05:29:23.879301000 ## Subscriber details: `aggreg`quote`trade!(,(8i;`);,(7i;`);,(7i;`)) 
INFO: tickerPlant ## 2018.06.07D05:30:24.877669000 ## Messages processed: 0 
INFO: tickerPlant ## 2018.06.07D05:30:24.877850000 ## Subscriber details: `aggreg`quote`trade!(,(8i;`);,(7i;`);,(7i;`)) 
INFO: tickerPlant ## 2018.06.07D05:31:24.878533000 ## Messages processed: 0 
INFO: tickerPlant ## 2018.06.07D05:31:24.879618000 ## Subscriber details: `aggreg`quote`trade!(,(8i;`);,(7i;`);,(7i;`)) 
INFO: tickerPlant ## 2018.06.07D05:32:25.878001000 ## Messages processed: 0 
INFO: tickerPlant ## 2018.06.07D05:32:25.878174000 ## Subscriber details: `aggreg`quote`trade!(,(8i;`);,(7i;`);,(7i;`)) 
INFO: tickerPlant ## 2018.06.07D05:33:26.880150000 ## Messages processed: 0 
INFO: tickerPlant ## 2018.06.07D05:33:26.881197000 ## Subscriber details: `aggreg`quote`trade!(,(8i;`);,(7i;`);,(7i;`)) 
INFO: tickerPlant ## 2018.06.07D05:34:27.878358000 ## Messages processed: 0 
INFO: tickerPlant ## 2018.06.07D05:34:27.878532000 ## Subscriber details: `aggreg`quote`trade!(,(8i;`);,(7i;`);,(7i;`)) 
INFO: tickerPlant ## 2018.06.07D05:35:28.878191000 ## Messages processed: 0 
INFO: tickerPlant ## 2018.06.07D05:35:28.878365000 ## Subscriber details: `aggreg`quote`trade!(,(8i;`);,(7i;`);,(7i;`)) 
INFO: tickerPlant ## 2018.06.07D05:36:29.878122000 ## Messages processed: 0 
INFO: tickerPlant ## 2018.06.07D05:36:29.878343000 ## Subscriber details: `aggreg`quote`trade!(,(8i;`);,(7i;`);,(7i;`)) 
INFO: tickerPlant ## 2018.06.07D05:37:30.878079000 ## Messages processed: 0 
INFO: tickerPlant ## 2018.06.07D05:37:30.878258000 ## Subscriber details: `aggreg`quote`trade!(,(8i;`);,(7i;`);,(7i;`)) 
INFO: tickerPlant ## 2018.06.07D05:38:31.878039000 ## Messages processed: 0 
INFO: tickerPlant ## 2018.06.07D05:38:31.879504000 ## Subscriber details: `aggreg`quote`trade!(,(8i;`);,(7i;`);,(7i;`)) 
INFO: tickerPlant ## 2018.06.07D05:39:32.877550000 ## Messages processed: 0 
INFO: tickerPlant ## 2018.06.07D05:39:32.878252000 ## Subscriber details: `aggreg`quote`trade!(,(8i;`);,(7i;`);,(7i;`)) 
INFO: tickerPlant ## 2018.06.07D05:40:33.878570000 ## Messages processed: 0 
INFO: tickerPlant ## 2018.06.07D05:40:33.879275000 ## Subscriber details: `aggreg`quote`trade!(,(8i;`);,(7i;`);,(7i;`)) 
INFO: tickerPlant ## 2018.06.07D05:41:34.878323000 ## Messages processed: 0 
INFO: tickerPlant ## 2018.06.07D05:41:34.879093000 ## Subscriber details: `aggreg`quote`trade!(,(8i;`);,(7i;`);,(7i;`)) 
INFO: tickerPlant ## 2018.06.07D05:42:35.878215000 ## Messages processed: 0 
INFO: tickerPlant ## 2018.06.07D05:42:35.878907000 ## Subscriber details: `aggreg`quote`trade!(,(8i;`);,(7i;`);,(7i;`)) 
INFO: tickerPlant ## 2018.06.07D05:43:36.878474000 ## Messages processed: 0 
INFO: tickerPlant ## 2018.06.07D05:43:36.878751000 ## Subscriber details: `aggreg`quote`trade!(,(8i;`);,(7i;`);,(7i;`)) 
INFO: tickerPlant ## 2018.06.07D05:44:37.877501000 ## Messages processed: 0 
INFO: tickerPlant ## 2018.06.07D05:44:37.877695000 ## Subscriber details: `aggreg`quote`trade!(,(8i;`);,(7i;`);,(7i;`)) 
INFO: tickerPlant ## 2018.06.07D05:45:37.878467000 ## Messages processed: 0 
INFO: tickerPlant ## 2018.06.07D05:45:37.879259000 ## Subscriber details: `aggreg`quote`trade!(,(8i;`);,(7i;`);,(7i;`)) 
INFO: tickerPlant ## 2018.06.07D05:46:38.878295000 ## Messages processed: 0 
INFO: tickerPlant ## 2018.06.07D05:46:38.879630000 ## Subscriber details: `aggreg`quote`trade!(,(8i;`);,(7i;`);,(7i;`)) 
INFO: tickerPlant ## 2018.06.07D05:47:39.877965000 ## Messages processed: 0 
INFO: tickerPlant ## 2018.06.07D05:47:39.878137000 ## Subscriber details: `aggreg`quote`trade!(,(8i;`);,(7i;`);,(7i;`)) 
INFO: tickerPlant ## 2018.06.07D05:48:40.878168000 ## Messages processed: 0 
INFO: tickerPlant ## 2018.06.07D05:48:40.878864000 ## Subscriber details: `aggreg`quote`trade!(,(8i;`);,(7i;`);,(7i;`)) 
INFO: tickerPlant ## 2018.06.07D05:49:41.878487000 ## Messages processed: 0 
INFO: tickerPlant ## 2018.06.07D05:49:41.879264000 ## Subscriber details: `aggreg`quote`trade!(,(8i;`);,(7i;`);,(7i;`)) 
INFO: tickerPlant ## 2018.06.07D05:50:42.878416000 ## Messages processed: 0 
INFO: tickerPlant ## 2018.06.07D05:50:42.879244000 ## Subscriber details: `aggreg`quote`trade!(,(8i;`);,(7i;`);,(7i;`)) 
INFO: tickerPlant ## 2018.06.07D05:51:43.878166000 ## Messages processed: 0 
INFO: tickerPlant ## 2018.06.07D05:51:43.879178000 ## Subscriber details: `aggreg`quote`trade!(,(8i;`);,(7i;`);,(7i;`)) 
INFO: tickerPlant ## 2018.06.07D05:52:44.878598000 ## Messages processed: 0 
INFO: tickerPlant ## 2018.06.07D05:52:44.879362000 ## Subscriber details: `aggreg`quote`trade!(,(8i;`);,(7i;`);,(7i;`)) 
INFO: tickerPlant ## 2018.06.07D05:53:45.878504000 ## Messages processed: 0 
INFO: tickerPlant ## 2018.06.07D05:53:45.879261000 ## Subscriber details: `aggreg`quote`trade!(,(8i;`);,(7i;`);,(7i;`)) 
INFO: tickerPlant ## 2018.06.07D05:54:46.878464000 ## Messages processed: 0 
INFO: tickerPlant ## 2018.06.07D05:54:46.879247000 ## Subscriber details: `aggreg`quote`trade!(,(8i;`);,(7i;`);,(7i;`)) 
INFO: tickerPlant ## 2018.06.07D05:55:47.877961000 ## Messages processed: 0 
INFO: tickerPlant ## 2018.06.07D05:55:47.878657000 ## Subscriber details: `aggreg`quote`trade!(,(8i;`);,(7i;`);,(7i;`)) 
INFO: tickerPlant ## 2018.06.07D05:56:48.878261000 ## Messages processed: 0 
INFO: tickerPlant ## 2018.06.07D05:56:48.879027000 ## Subscriber details: `aggreg`quote`trade!(,(8i;`);,(7i;`);,(7i;`)) 
INFO: tickerPlant ## 2018.06.07D05:57:49.878238000 ## Messages processed: 0 
INFO: tickerPlant ## 2018.06.07D05:57:49.878950000 ## Subscriber details: `aggreg`quote`trade!(,(8i;`);,(7i;`);,(7i;`)) 
INFO: tickerPlant ## 2018.06.07D05:58:50.878114000 ## Messages processed: 0 
INFO: tickerPlant ## 2018.06.07D05:58:50.878798000 ## Subscriber details: `aggreg`quote`trade!(,(8i;`);,(7i;`);,(7i;`)) 
INFO: tickerPlant ## 2018.06.07D05:59:51.878142000 ## Messages processed: 0 
INFO: tickerPlant ## 2018.06.07D05:59:51.879261000 ## Subscriber details: `aggreg`quote`trade!(,(8i;`);,(7i;`);,(7i;`)) 
INFO: tickerPlant ## 2018.06.07D06:00:52.878839000 ## Messages processed: 0 
INFO: tickerPlant ## 2018.06.07D06:00:52.879648000 ## Subscriber details: `aggreg`quote`trade!(,(8i;`);,(7i;`);,(7i;`)) 
INFO: tickerPlant ## 2018.06.07D06:01:53.878159000 ## Messages processed: 0 
INFO: tickerPlant ## 2018.06.07D06:01:53.878817000 ## Subscriber details: `aggreg`quote`trade!(,(8i;`);,(7i;`);,(7i;`)) 
INFO: tickerPlant ## 2018.06.07D06:02:54.879627000 ## Messages processed: 0 
INFO: tickerPlant ## 2018.06.07D06:02:54.879802000 ## Subscriber details: `aggreg`quote`trade!(,(8i;`);,(7i;`);,(7i;`)) 
INFO: tickerPlant ## 2018.06.07D06:03:55.878368000 ## Messages processed: 0 
INFO: tickerPlant ## 2018.06.07D06:03:55.879168000 ## Subscriber details: `aggreg`quote`trade!(,(8i;`);,(7i;`);,(7i;`)) 
INFO: tickerPlant ## 2018.06.07D06:04:56.880196000 ## Messages processed: 0 
INFO: tickerPlant ## 2018.06.07D06:04:56.880537000 ## Subscriber details: `aggreg`quote`trade!(,(8i;`);,(7i;`);,(7i;`)) 
INFO: tickerPlant ## 2018.06.07D06:05:57.877807000 ## Messages processed: 0 
INFO: tickerPlant ## 2018.06.07D06:05:57.878465000 ## Subscriber details: `aggreg`quote`trade!(,(8i;`);,(7i;`);,(7i;`)) 
INFO: tickerPlant ## 2018.06.07D06:06:58.878583000 ## Messages processed: 0 
INFO: tickerPlant ## 2018.06.07D06:06:58.879368000 ## Subscriber details: `aggreg`quote`trade!(,(8i;`);,(7i;`);,(7i;`)) 
INFO: tickerPlant ## 2018.06.07D06:07:59.878570000 ## Messages processed: 0 
INFO: tickerPlant ## 2018.06.07D06:07:59.879374000 ## Subscriber details: `aggreg`quote`trade!(,(8i;`);,(7i;`);,(7i;`)) 
INFO: tickerPlant ## 2018.06.07D06:08:13.585855000 ## Connection opened: `dateTime`user`host`ipAddress`connection`handle`duration!(2018.06.07T06:08:13.585;`glim;`localhost;"127.0.0.1";`opened;9i;0Nv) 
INFO: tickerPlant ## 2018.06.07D06:08:13.586508000 ## Connection closed: `dateTime`user`host`ipAddress`connection`handle`duration!(2018.06.07T06:08:13.585;`glim;`localhost;"127.0.0.1";`closed;9i;00:00:00) 
INFO: tickerPlant ## 2018.06.07D06:08:16.587447000 ## Connection opened: `dateTime`user`host`ipAddress`connection`handle`duration!(2018.06.07T06:08:16.586;`glim;`localhost;"127.0.0.1";`opened;9i;0Nv) 
INFO: tickerPlant ## 2018.06.07D06:08:16.587987000 ## User: glim ## Memory Usage: `used`heap`peak`wmax`mmap`mphy`syms`symw!329968 67108864 67108864 0 0 1047904256 747 28356 
INFO: tickerPlant ## 2018.06.07D06:09:00.879846000 ## Messages processed: 0 
INFO: tickerPlant ## 2018.06.07D06:09:00.880096000 ## Subscriber details: `aggreg`quote`trade!(,(8i;`);((7i;`);(9i;`));((7i;`);(9i;`))) 
INFO: tickerPlant ## 2018.06.07D06:10:01.881407000 ## Messages processed: 0 
INFO: tickerPlant ## 2018.06.07D06:10:01.882286000 ## Subscriber details: `aggreg`quote`trade!(,(8i;`);((7i;`);(9i;`));((7i;`);(9i;`))) 
INFO: tickerPlant ## 2018.06.07D06:11:02.878316000 ## Messages processed: 0 
INFO: tickerPlant ## 2018.06.07D06:11:02.879294000 ## Subscriber details: `aggreg`quote`trade!(,(8i;`);((7i;`);(9i;`));((7i;`);(9i;`))) 
INFO: tickerPlant ## 2018.06.07D06:12:03.878212000 ## Messages processed: 0 
INFO: tickerPlant ## 2018.06.07D06:12:03.879108000 ## Subscriber details: `aggreg`quote`trade!(,(8i;`);((7i;`);(9i;`));((7i;`);(9i;`))) 
INFO: tickerPlant ## 2018.06.07D06:13:04.878112000 ## Messages processed: 0 
INFO: tickerPlant ## 2018.06.07D06:13:04.878503000 ## Subscriber details: `aggreg`quote`trade!(,(8i;`);((7i;`);(9i;`));((7i;`);(9i;`))) 
INFO: tickerPlant ## 2018.06.07D06:14:04.881007000 ## Messages processed: 0 
INFO: tickerPlant ## 2018.06.07D06:14:04.882077000 ## Subscriber details: `aggreg`quote`trade!(,(8i;`);((7i;`);(9i;`));((7i;`);(9i;`))) 
INFO: tickerPlant ## 2018.06.07D06:15:05.878363000 ## Messages processed: 0 
INFO: tickerPlant ## 2018.06.07D06:15:05.878587000 ## Subscriber details: `aggreg`quote`trade!(,(8i;`);((7i;`);(9i;`));((7i;`);(9i;`))) 
